# JRE version: Java(TM) SE Runtime Environment (8.0_144-b01) (build 1.8.0_144-b01)
# Java VM: Java HotSpot(TM) 64-Bit Server VM (25.144-b01 mixed mode windows-amd64 compressed oops)
Heap:
 PSYoungGen      total 270848K, used 83528K [0x000000076b700000, 0x000000077ca00000, 0x00000007c0000000)
  eden space 260096K, 27% used [0x000000076b700000,0x000000076fe16178,0x000000077b500000)
  from space 10752K, 99% used [0x000000077b500000,0x000000077bf7c030,0x000000077bf80000)
  to   space 10752K, 0% used [0x000000077bf80000,0x000000077bf80000,0x000000077ca00000)
 ParOldGen       total 173568K, used 26820K [0x00000006c2400000, 0x00000006ccd80000, 0x000000076b700000)
  object space 173568K, 15% used [0x00000006c2400000,0x00000006c3e31100,0x00000006ccd80000)
 Metaspace       used 13307K, capacity 13492K, committed 13696K, reserved 1060864K
  class space    used 1569K, capacity 1627K, committed 1664K, reserved 1048576K
GC Heap History (10 events):
Event: 5.214 GC heap before
{Heap before GC invocations=1 (full 0):
 PSYoungGen      total 75776K, used 65024K [0x000000076b700000, 0x0000000770b80000, 0x00000007c0000000)
  eden space 65024K, 100% used [0x000000076b700000,0x000000076f680000,0x000000076f680000)
  from space 10752K, 0% used [0x0000000770100000,0x0000000770100000,0x0000000770b80000)
  to   space 10752K, 0% used [0x000000076f680000,0x000000076f680000,0x0000000770100000)
 ParOldGen       total 173568K, used 0K [0x00000006c2400000, 0x00000006ccd80000, 0x000000076b700000)
  object space 173568K, 0% used [0x00000006c2400000,0x00000006c2400000,0x00000006ccd80000)
 Metaspace       used 4800K, capacity 5342K, committed 5504K, reserved 1056768K
  class space    used 539K, capacity 594K, committed 640K, reserved 1048576K
Event: 5.756 GC heap after
Heap after GC invocations=1 (full 0):
 PSYoungGen      total 75776K, used 10751K [0x000000076b700000, 0x0000000774b00000, 0x00000007c0000000)
  eden space 65024K, 0% used [0x000000076b700000,0x000000076b700000,0x000000076f680000)
  from space 10752K, 99% used [0x000000076f680000,0x00000007700fffa0,0x0000000770100000)
  to   space 10752K, 0% used [0x0000000774080000,0x0000000774080000,0x0000000774b00000)
 ParOldGen       total 173568K, used 8031K [0x00000006c2400000, 0x00000006ccd80000, 0x000000076b700000)
  object space 173568K, 4% used [0x00000006c2400000,0x00000006c2bd7e70,0x00000006ccd80000)
 Metaspace       used 4800K, capacity 5342K, committed 5504K, reserved 1056768K
  class space    used 539K, capacity 594K, committed 640K, reserved 1048576K
}
Event: 6.436 GC heap before
{Heap before GC invocations=2 (full 0):
 PSYoungGen      total 75776K, used 75775K [0x000000076b700000, 0x0000000774b00000, 0x00000007c0000000)
  eden space 65024K, 100% used [0x000000076b700000,0x000000076f680000,0x000000076f680000)
  from space 10752K, 99% used [0x000000076f680000,0x00000007700fffa0,0x0000000770100000)
  to   space 10752K, 0% used [0x0000000774080000,0x0000000774080000,0x0000000774b00000)
 ParOldGen       total 173568K, used 8031K [0x00000006c2400000, 0x00000006ccd80000, 0x000000076b700000)
  object space 173568K, 4% used [0x00000006c2400000,0x00000006c2bd7e70,0x00000006ccd80000)
 Metaspace       used 4844K, capacity 5342K, committed 5504K, reserved 1056768K
  class space    used 539K, capacity 594K, committed 640K, reserved 1048576K
Event: 6.699 GC heap after
Heap after GC invocations=2 (full 0):
 PSYoungGen      total 140800K, used 10720K [0x000000076b700000, 0x0000000774b00000, 0x00000007c0000000)
  eden space 130048K, 0% used [0x000000076b700000,0x000000076b700000,0x0000000773600000)
  from space 10752K, 99% used [0x0000000774080000,0x0000000774af8020,0x0000000774b00000)
  to   space 10752K, 0% used [0x0000000773600000,0x0000000773600000,0x0000000774080000)
 ParOldGen       total 173568K, used 13351K [0x00000006c2400000, 0x00000006ccd80000, 0x000000076b700000)
  object space 173568K, 7% used [0x00000006c2400000,0x00000006c3109dc8,0x00000006ccd80000)
 Metaspace       used 4844K, capacity 5342K, committed 5504K, reserved 1056768K
  class space    used 539K, capacity 594K, committed 640K, reserved 1048576K
}
Event: 7.473 GC heap before
{Heap before GC invocations=3 (full 0):
 PSYoungGen      total 140800K, used 140768K [0x000000076b700000, 0x0000000774b00000, 0x00000007c0000000)
  eden space 130048K, 100% used [0x000000076b700000,0x0000000773600000,0x0000000773600000)
  from space 10752K, 99% used [0x0000000774080000,0x0000000774af8020,0x0000000774b00000)
  to   space 10752K, 0% used [0x0000000773600000,0x0000000773600000,0x0000000774080000)
 ParOldGen       total 173568K, used 13351K [0x00000006c2400000, 0x00000006ccd80000, 0x000000076b700000)
  object space 173568K, 7% used [0x00000006c2400000,0x00000006c3109dc8,0x00000006ccd80000)
 Metaspace       used 4887K, capacity 5342K, committed 5504K, reserved 1056768K
  class space    used 539K, capacity 594K, committed 640K, reserved 1048576K
Event: 7.518 GC heap after
Heap after GC invocations=3 (full 0):
 PSYoungGen      total 140800K, used 10720K [0x000000076b700000, 0x000000077ca00000, 0x00000007c0000000)
  eden space 130048K, 0% used [0x000000076b700000,0x000000076b700000,0x0000000773600000)
  from space 10752K, 99% used [0x0000000773600000,0x0000000774078020,0x0000000774080000)
  to   space 10752K, 0% used [0x000000077bf80000,0x000000077bf80000,0x000000077ca00000)
 ParOldGen       total 173568K, used 13471K [0x00000006c2400000, 0x00000006ccd80000, 0x000000076b700000)
  object space 173568K, 7% used [0x00000006c2400000,0x00000006c3127dc8,0x00000006ccd80000)
 Metaspace       used 4887K, capacity 5342K, committed 5504K, reserved 1056768K
  class space    used 539K, capacity 594K, committed 640K, reserved 1048576K
}
Event: 8.555 GC heap before
{Heap before GC invocations=4 (full 0):
 PSYoungGen      total 140800K, used 140768K [0x000000076b700000, 0x000000077ca00000, 0x00000007c0000000)
  eden space 130048K, 100% used [0x000000076b700000,0x0000000773600000,0x0000000773600000)
  from space 10752K, 99% used [0x0000000773600000,0x0000000774078020,0x0000000774080000)
  to   space 10752K, 0% used [0x000000077bf80000,0x000000077bf80000,0x000000077ca00000)
 ParOldGen       total 173568K, used 13471K [0x00000006c2400000, 0x00000006ccd80000, 0x000000076b700000)
  object space 173568K, 7% used [0x00000006c2400000,0x00000006c3127dc8,0x00000006ccd80000)
 Metaspace       used 4890K, capacity 5342K, committed 5504K, reserved 1056768K
  class space    used 539K, capacity 594K, committed 640K, reserved 1048576K
Event: 8.601 GC heap after
Heap after GC invocations=4 (full 0):
 PSYoungGen      total 270848K, used 10736K [0x000000076b700000, 0x000000077ca00000, 0x00000007c0000000)
  eden space 260096K, 0% used [0x000000076b700000,0x000000076b700000,0x000000077b500000)
  from space 10752K, 99% used [0x000000077bf80000,0x000000077c9fc030,0x000000077ca00000)
  to   space 10752K, 0% used [0x000000077b500000,0x000000077b500000,0x000000077bf80000)
 ParOldGen       total 173568K, used 13651K [0x00000006c2400000, 0x00000006ccd80000, 0x000000076b700000)
  object space 173568K, 7% used [0x00000006c2400000,0x00000006c3154dd8,0x00000006ccd80000)
 Metaspace       used 4890K, capacity 5342K, committed 5504K, reserved 1056768K
  class space    used 539K, capacity 594K, committed 640K, reserved 1048576K
}
Event: 64.482 GC heap before
{Heap before GC invocations=5 (full 0):
 PSYoungGen      total 270848K, used 270701K [0x000000076b700000, 0x000000077ca00000, 0x00000007c0000000)
  eden space 260096K, 99% used [0x000000076b700000,0x000000077b4df6a0,0x000000077b500000)
  from space 10752K, 99% used [0x000000077bf80000,0x000000077c9fc030,0x000000077ca00000)
  to   space 10752K, 0% used [0x000000077b500000,0x000000077b500000,0x000000077bf80000)
 ParOldGen       total 173568K, used 13651K [0x00000006c2400000, 0x00000006ccd80000, 0x000000076b700000)
  object space 173568K, 7% used [0x00000006c2400000,0x00000006c3154dd8,0x00000006ccd80000)
 Metaspace       used 11727K, capacity 11924K, committed 12160K, reserved 1060864K
  class space    used 1314K, capacity 1403K, committed 1408K, reserved 1048576K
Event: 64.580 GC heap after
Heap after GC invocations=5 (full 0):
 PSYoungGen      total 270848K, used 10736K [0x000000076b700000, 0x000000077ca00000, 0x00000007c0000000)
  eden space 260096K, 0% used [0x000000076b700000,0x000000076b700000,0x000000077b500000)
  from space 10752K, 99% used [0x000000077b500000,0x000000077bf7c030,0x000000077bf80000)
  to   space 10752K, 0% used [0x000000077bf80000,0x000000077bf80000,0x000000077ca00000)
 ParOldGen       total 173568K, used 26820K [0x00000006c2400000, 0x00000006ccd80000, 0x000000076b700000)
  object space 173568K, 15% used [0x00000006c2400000,0x00000006c3e31100,0x00000006ccd80000)
 Metaspace       used 11727K, capacity 11924K, committed 12160K, reserved 1060864K
  class space    used 1314K, capacity 1403K, committed 1408K, reserved 1048576K
}

