# JRE version: Java(TM) SE Runtime Environment (8.0_144-b01) (build 1.8.0_144-b01)
# Java VM: Java HotSpot(TM) 64-Bit Server VM (25.144-b01 mixed mode windows-amd64 compressed oops)
Heap:
 PSYoungGen      total 270848K, used 121869K [0x000000076b700000, 0x000000078e500000, 0x00000007c0000000)
  eden space 260096K, 42% used [0x000000076b700000,0x000000077238b438,0x000000077b500000)
  from space 10752K, 99% used [0x000000077b500000,0x000000077bf78040,0x000000077bf80000)
  to   space 25600K, 0% used [0x000000078cc00000,0x000000078cc00000,0x000000078e500000)
 ParOldGen       total 173568K, used 25934K [0x00000006c2400000, 0x00000006ccd80000, 0x000000076b700000)
  object space 173568K, 14% used [0x00000006c2400000,0x00000006c3d53aa0,0x00000006ccd80000)
 Metaspace       used 13347K, capacity 13552K, committed 13696K, reserved 1060864K
  class space    used 1569K, capacity 1627K, committed 1664K, reserved 1048576K
GC Heap History (10 events):
Event: 6.306 GC heap before
{Heap before GC invocations=1 (full 0):
 PSYoungGen      total 75776K, used 65024K [0x000000076b700000, 0x0000000770b80000, 0x00000007c0000000)
  eden space 65024K, 100% used [0x000000076b700000,0x000000076f680000,0x000000076f680000)
  from space 10752K, 0% used [0x0000000770100000,0x0000000770100000,0x0000000770b80000)
  to   space 10752K, 0% used [0x000000076f680000,0x000000076f680000,0x0000000770100000)
 ParOldGen       total 173568K, used 0K [0x00000006c2400000, 0x00000006ccd80000, 0x000000076b700000)
  object space 173568K, 0% used [0x00000006c2400000,0x00000006c2400000,0x00000006ccd80000)
 Metaspace       used 4868K, capacity 5342K, committed 5504K, reserved 1056768K
  class space    used 539K, capacity 594K, committed 640K, reserved 1048576K
Event: 6.559 GC heap after
Heap after GC invocations=1 (full 0):
 PSYoungGen      total 75776K, used 10721K [0x000000076b700000, 0x0000000774b00000, 0x00000007c0000000)
  eden space 65024K, 0% used [0x000000076b700000,0x000000076b700000,0x000000076f680000)
  from space 10752K, 99% used [0x000000076f680000,0x00000007700f86c0,0x0000000770100000)
  to   space 10752K, 0% used [0x0000000774080000,0x0000000774080000,0x0000000774b00000)
 ParOldGen       total 173568K, used 7408K [0x00000006c2400000, 0x00000006ccd80000, 0x000000076b700000)
  object space 173568K, 4% used [0x00000006c2400000,0x00000006c2b3c030,0x00000006ccd80000)
 Metaspace       used 4868K, capacity 5342K, committed 5504K, reserved 1056768K
  class space    used 539K, capacity 594K, committed 640K, reserved 1048576K
}
Event: 7.145 GC heap before
{Heap before GC invocations=2 (full 0):
 PSYoungGen      total 75776K, used 75745K [0x000000076b700000, 0x0000000774b00000, 0x00000007c0000000)
  eden space 65024K, 100% used [0x000000076b700000,0x000000076f680000,0x000000076f680000)
  from space 10752K, 99% used [0x000000076f680000,0x00000007700f86c0,0x0000000770100000)
  to   space 10752K, 0% used [0x0000000774080000,0x0000000774080000,0x0000000774b00000)
 ParOldGen       total 173568K, used 7408K [0x00000006c2400000, 0x00000006ccd80000, 0x000000076b700000)
  object space 173568K, 4% used [0x00000006c2400000,0x00000006c2b3c030,0x00000006ccd80000)
 Metaspace       used 4886K, capacity 5342K, committed 5504K, reserved 1056768K
  class space    used 539K, capacity 594K, committed 640K, reserved 1048576K
Event: 7.234 GC heap after
Heap after GC invocations=2 (full 0):
 PSYoungGen      total 140800K, used 10720K [0x000000076b700000, 0x0000000774b00000, 0x00000007c0000000)
  eden space 130048K, 0% used [0x000000076b700000,0x000000076b700000,0x0000000773600000)
  from space 10752K, 99% used [0x0000000774080000,0x0000000774af8040,0x0000000774b00000)
  to   space 10752K, 0% used [0x0000000773600000,0x0000000773600000,0x0000000774080000)
 ParOldGen       total 173568K, used 13330K [0x00000006c2400000, 0x00000006ccd80000, 0x000000076b700000)
  object space 173568K, 7% used [0x00000006c2400000,0x00000006c3104ac0,0x00000006ccd80000)
 Metaspace       used 4886K, capacity 5342K, committed 5504K, reserved 1056768K
  class space    used 539K, capacity 594K, committed 640K, reserved 1048576K
}
Event: 7.933 GC heap before
{Heap before GC invocations=3 (full 0):
 PSYoungGen      total 140800K, used 140768K [0x000000076b700000, 0x0000000774b00000, 0x00000007c0000000)
  eden space 130048K, 100% used [0x000000076b700000,0x0000000773600000,0x0000000773600000)
  from space 10752K, 99% used [0x0000000774080000,0x0000000774af8040,0x0000000774b00000)
  to   space 10752K, 0% used [0x0000000773600000,0x0000000773600000,0x0000000774080000)
 ParOldGen       total 173568K, used 13330K [0x00000006c2400000, 0x00000006ccd80000, 0x000000076b700000)
  object space 173568K, 7% used [0x00000006c2400000,0x00000006c3104ac0,0x00000006ccd80000)
 Metaspace       used 4887K, capacity 5342K, committed 5504K, reserved 1056768K
  class space    used 539K, capacity 594K, committed 640K, reserved 1048576K
Event: 8.098 GC heap after
Heap after GC invocations=3 (full 0):
 PSYoungGen      total 140800K, used 10720K [0x000000076b700000, 0x000000077ca00000, 0x00000007c0000000)
  eden space 130048K, 0% used [0x000000076b700000,0x000000076b700000,0x0000000773600000)
  from space 10752K, 99% used [0x0000000773600000,0x0000000774078040,0x0000000774080000)
  to   space 10752K, 0% used [0x000000077bf80000,0x000000077bf80000,0x000000077ca00000)
 ParOldGen       total 173568K, used 13490K [0x00000006c2400000, 0x00000006ccd80000, 0x000000076b700000)
  object space 173568K, 7% used [0x00000006c2400000,0x00000006c312cac0,0x00000006ccd80000)
 Metaspace       used 4887K, capacity 5342K, committed 5504K, reserved 1056768K
  class space    used 539K, capacity 594K, committed 640K, reserved 1048576K
}
Event: 8.638 GC heap before
{Heap before GC invocations=4 (full 0):
 PSYoungGen      total 140800K, used 140768K [0x000000076b700000, 0x000000077ca00000, 0x00000007c0000000)
  eden space 130048K, 100% used [0x000000076b700000,0x0000000773600000,0x0000000773600000)
  from space 10752K, 99% used [0x0000000773600000,0x0000000774078040,0x0000000774080000)
  to   space 10752K, 0% used [0x000000077bf80000,0x000000077bf80000,0x000000077ca00000)
 ParOldGen       total 173568K, used 13490K [0x00000006c2400000, 0x00000006ccd80000, 0x000000076b700000)
  object space 173568K, 7% used [0x00000006c2400000,0x00000006c312cac0,0x00000006ccd80000)
 Metaspace       used 4891K, capacity 5342K, committed 5504K, reserved 1056768K
  class space    used 540K, capacity 594K, committed 640K, reserved 1048576K
Event: 8.758 GC heap after
Heap after GC invocations=4 (full 0):
 PSYoungGen      total 270848K, used 10720K [0x000000076b700000, 0x000000077ca00000, 0x00000007c0000000)
  eden space 260096K, 0% used [0x000000076b700000,0x000000076b700000,0x000000077b500000)
  from space 10752K, 99% used [0x000000077bf80000,0x000000077c9f8040,0x000000077ca00000)
  to   space 10752K, 0% used [0x000000077b500000,0x000000077b500000,0x000000077bf80000)
 ParOldGen       total 173568K, used 13626K [0x00000006c2400000, 0x00000006ccd80000, 0x000000076b700000)
  object space 173568K, 7% used [0x00000006c2400000,0x00000006c314eac0,0x00000006ccd80000)
 Metaspace       used 4891K, capacity 5342K, committed 5504K, reserved 1056768K
  class space    used 540K, capacity 594K, committed 640K, reserved 1048576K
}
Event: 62.252 GC heap before
{Heap before GC invocations=5 (full 0):
 PSYoungGen      total 270848K, used 270816K [0x000000076b700000, 0x000000077ca00000, 0x00000007c0000000)
  eden space 260096K, 100% used [0x000000076b700000,0x000000077b500000,0x000000077b500000)
  from space 10752K, 99% used [0x000000077bf80000,0x000000077c9f8040,0x000000077ca00000)
  to   space 10752K, 0% used [0x000000077b500000,0x000000077b500000,0x000000077bf80000)
 ParOldGen       total 173568K, used 13626K [0x00000006c2400000, 0x00000006ccd80000, 0x000000076b700000)
  object space 173568K, 7% used [0x00000006c2400000,0x00000006c314eac0,0x00000006ccd80000)
 Metaspace       used 11084K, capacity 11280K, committed 11520K, reserved 1058816K
  class space    used 1201K, capacity 1275K, committed 1280K, reserved 1048576K
Event: 62.480 GC heap after
Heap after GC invocations=5 (full 0):
 PSYoungGen      total 270848K, used 10720K [0x000000076b700000, 0x000000078e500000, 0x00000007c0000000)
  eden space 260096K, 0% used [0x000000076b700000,0x000000076b700000,0x000000077b500000)
  from space 10752K, 99% used [0x000000077b500000,0x000000077bf78040,0x000000077bf80000)
  to   space 25600K, 0% used [0x000000078cc00000,0x000000078cc00000,0x000000078e500000)
 ParOldGen       total 173568K, used 25934K [0x00000006c2400000, 0x00000006ccd80000, 0x000000076b700000)
  object space 173568K, 14% used [0x00000006c2400000,0x00000006c3d53aa0,0x00000006ccd80000)
 Metaspace       used 11084K, capacity 11280K, committed 11520K, reserved 1058816K
  class space    used 1201K, capacity 1275K, committed 1280K, reserved 1048576K
}

