# JRE version: Java(TM) SE Runtime Environment (8.0_144-b01) (build 1.8.0_144-b01)
# Java VM: Java HotSpot(TM) 64-Bit Server VM (25.144-b01 mixed mode windows-amd64 compressed oops)
Heap:
 PSYoungGen      total 546304K, used 443264K [0x000000076b700000, 0x00000007ae100000, 0x00000007c0000000)
  eden space 519168K, 83% used [0x000000076b700000,0x0000000785bef610,0x000000078b200000)
  from space 27136K, 45% used [0x000000078b200000,0x000000078bdf0c18,0x000000078cc80000)
  to   space 26624K, 0% used [0x00000007ac700000,0x00000007ac700000,0x00000007ae100000)
 ParOldGen       total 173568K, used 35880K [0x00000006c2400000, 0x00000006ccd80000, 0x000000076b700000)
  object space 173568K, 20% used [0x00000006c2400000,0x00000006c470a1b8,0x00000006ccd80000)
 Metaspace       used 13492K, capacity 13632K, committed 13952K, reserved 1060864K
  class space    used 1576K, capacity 1627K, committed 1664K, reserved 1048576K
GC Heap History (10 events):
Event: 4.072 GC heap before
{Heap before GC invocations=3 (full 0):
 PSYoungGen      total 140800K, used 140785K [0x000000076b700000, 0x0000000774b00000, 0x00000007c0000000)
  eden space 130048K, 100% used [0x000000076b700000,0x0000000773600000,0x0000000773600000)
  from space 10752K, 99% used [0x0000000774080000,0x0000000774afc5f8,0x0000000774b00000)
  to   space 10752K, 0% used [0x0000000773600000,0x0000000773600000,0x0000000774080000)
 ParOldGen       total 173568K, used 14989K [0x00000006c2400000, 0x00000006ccd80000, 0x000000076b700000)
  object space 173568K, 8% used [0x00000006c2400000,0x00000006c32a36a8,0x00000006ccd80000)
 Metaspace       used 4889K, capacity 5342K, committed 5504K, reserved 1056768K
  class space    used 539K, capacity 594K, committed 640K, reserved 1048576K
Event: 4.154 GC heap after
Heap after GC invocations=3 (full 0):
 PSYoungGen      total 140800K, used 10737K [0x000000076b700000, 0x000000077ca00000, 0x00000007c0000000)
  eden space 130048K, 0% used [0x000000076b700000,0x000000076b700000,0x0000000773600000)
  from space 10752K, 99% used [0x0000000773600000,0x000000077407c5f8,0x0000000774080000)
  to   space 10752K, 0% used [0x000000077bf80000,0x000000077bf80000,0x000000077ca00000)
 ParOldGen       total 173568K, used 15141K [0x00000006c2400000, 0x00000006ccd80000, 0x000000076b700000)
  object space 173568K, 8% used [0x00000006c2400000,0x00000006c32c96a8,0x00000006ccd80000)
 Metaspace       used 4889K, capacity 5342K, committed 5504K, reserved 1056768K
  class space    used 539K, capacity 594K, committed 640K, reserved 1048576K
}
Event: 5.108 GC heap before
{Heap before GC invocations=4 (full 0):
 PSYoungGen      total 140800K, used 140785K [0x000000076b700000, 0x000000077ca00000, 0x00000007c0000000)
  eden space 130048K, 100% used [0x000000076b700000,0x0000000773600000,0x0000000773600000)
  from space 10752K, 99% used [0x0000000773600000,0x000000077407c5f8,0x0000000774080000)
  to   space 10752K, 0% used [0x000000077bf80000,0x000000077bf80000,0x000000077ca00000)
 ParOldGen       total 173568K, used 15141K [0x00000006c2400000, 0x00000006ccd80000, 0x000000076b700000)
  object space 173568K, 8% used [0x00000006c2400000,0x00000006c32c96a8,0x00000006ccd80000)
 Metaspace       used 4892K, capacity 5342K, committed 5504K, reserved 1056768K
  class space    used 539K, capacity 594K, committed 640K, reserved 1048576K
Event: 5.219 GC heap after
Heap after GC invocations=4 (full 0):
 PSYoungGen      total 270848K, used 10737K [0x000000076b700000, 0x000000077ca00000, 0x00000007c0000000)
  eden space 260096K, 0% used [0x000000076b700000,0x000000076b700000,0x000000077b500000)
  from space 10752K, 99% used [0x000000077bf80000,0x000000077c9fc5f8,0x000000077ca00000)
  to   space 10752K, 0% used [0x000000077b500000,0x000000077b500000,0x000000077bf80000)
 ParOldGen       total 173568K, used 15269K [0x00000006c2400000, 0x00000006ccd80000, 0x000000076b700000)
  object space 173568K, 8% used [0x00000006c2400000,0x00000006c32e96a8,0x00000006ccd80000)
 Metaspace       used 4892K, capacity 5342K, committed 5504K, reserved 1056768K
  class space    used 539K, capacity 594K, committed 640K, reserved 1048576K
}
Event: 21.390 GC heap before
{Heap before GC invocations=5 (full 0):
 PSYoungGen      total 270848K, used 270833K [0x000000076b700000, 0x000000077ca00000, 0x00000007c0000000)
  eden space 260096K, 100% used [0x000000076b700000,0x000000077b500000,0x000000077b500000)
  from space 10752K, 99% used [0x000000077bf80000,0x000000077c9fc5f8,0x000000077ca00000)
  to   space 10752K, 0% used [0x000000077b500000,0x000000077b500000,0x000000077bf80000)
 ParOldGen       total 173568K, used 15269K [0x00000006c2400000, 0x00000006ccd80000, 0x000000076b700000)
  object space 173568K, 8% used [0x00000006c2400000,0x00000006c32e96a8,0x00000006ccd80000)
 Metaspace       used 11065K, capacity 11296K, committed 11520K, reserved 1058816K
  class space    used 1199K, capacity 1275K, committed 1280K, reserved 1048576K
Event: 21.673 GC heap after
Heap after GC invocations=5 (full 0):
 PSYoungGen      total 270848K, used 10720K [0x000000076b700000, 0x000000078e600000, 0x00000007c0000000)
  eden space 260096K, 0% used [0x000000076b700000,0x000000076b700000,0x000000077b500000)
  from space 10752K, 99% used [0x000000077b500000,0x000000077bf78030,0x000000077bf80000)
  to   space 26112K, 0% used [0x000000078cc80000,0x000000078cc80000,0x000000078e600000)
 ParOldGen       total 173568K, used 27723K [0x00000006c2400000, 0x00000006ccd80000, 0x000000076b700000)
  object space 173568K, 15% used [0x00000006c2400000,0x00000006c3f12e98,0x00000006ccd80000)
 Metaspace       used 11065K, capacity 11296K, committed 11520K, reserved 1058816K
  class space    used 1199K, capacity 1275K, committed 1280K, reserved 1048576K
}
Event: 34.144 GC heap before
{Heap before GC invocations=6 (full 0):
 PSYoungGen      total 270848K, used 270816K [0x000000076b700000, 0x000000078e600000, 0x00000007c0000000)
  eden space 260096K, 100% used [0x000000076b700000,0x000000077b500000,0x000000077b500000)
  from space 10752K, 99% used [0x000000077b500000,0x000000077bf78030,0x000000077bf80000)
  to   space 26112K, 0% used [0x000000078cc80000,0x000000078cc80000,0x000000078e600000)
 ParOldGen       total 173568K, used 27723K [0x00000006c2400000, 0x00000006ccd80000, 0x000000076b700000)
  object space 173568K, 15% used [0x00000006c2400000,0x00000006c3f12e98,0x00000006ccd80000)
 Metaspace       used 13408K, capacity 13632K, committed 13952K, reserved 1060864K
  class space    used 1569K, capacity 1627K, committed 1664K, reserved 1048576K
Event: 34.270 GC heap after
Heap after GC invocations=6 (full 0):
 PSYoungGen      total 545280K, used 20711K [0x000000076b700000, 0x000000078e800000, 0x00000007c0000000)
  eden space 519168K, 0% used [0x000000076b700000,0x000000076b700000,0x000000078b200000)
  from space 26112K, 79% used [0x000000078cc80000,0x000000078e0b9c48,0x000000078e600000)
  to   space 27136K, 0% used [0x000000078b200000,0x000000078b200000,0x000000078cc80000)
 ParOldGen       total 173568K, used 27723K [0x00000006c2400000, 0x00000006ccd80000, 0x000000076b700000)
  object space 173568K, 15% used [0x00000006c2400000,0x00000006c3f12e98,0x00000006ccd80000)
 Metaspace       used 13408K, capacity 13632K, committed 13952K, reserved 1060864K
  class space    used 1569K, capacity 1627K, committed 1664K, reserved 1048576K
}
Event: 48.299 GC heap before
{Heap before GC invocations=7 (full 0):
 PSYoungGen      total 545280K, used 539879K [0x000000076b700000, 0x000000078e800000, 0x00000007c0000000)
  eden space 519168K, 100% used [0x000000076b700000,0x000000078b200000,0x000000078b200000)
  from space 26112K, 79% used [0x000000078cc80000,0x000000078e0b9c48,0x000000078e600000)
  to   space 27136K, 0% used [0x000000078b200000,0x000000078b200000,0x000000078cc80000)
 ParOldGen       total 173568K, used 27723K [0x00000006c2400000, 0x00000006ccd80000, 0x000000076b700000)
  object space 173568K, 15% used [0x00000006c2400000,0x00000006c3f12e98,0x00000006ccd80000)
 Metaspace       used 13467K, capacity 13632K, committed 13952K, reserved 1060864K
  class space    used 1574K, capacity 1627K, committed 1664K, reserved 1048576K
Event: 48.409 GC heap after
Heap after GC invocations=7 (full 0):
 PSYoungGen      total 546304K, used 12227K [0x000000076b700000, 0x00000007ae100000, 0x00000007c0000000)
  eden space 519168K, 0% used [0x000000076b700000,0x000000076b700000,0x000000078b200000)
  from space 27136K, 45% used [0x000000078b200000,0x000000078bdf0c18,0x000000078cc80000)
  to   space 26624K, 0% used [0x00000007ac700000,0x00000007ac700000,0x00000007ae100000)
 ParOldGen       total 173568K, used 35880K [0x00000006c2400000, 0x00000006ccd80000, 0x000000076b700000)
  object space 173568K, 20% used [0x00000006c2400000,0x00000006c470a1b8,0x00000006ccd80000)
 Metaspace       used 13467K, capacity 13632K, committed 13952K, reserved 1060864K
  class space    used 1574K, capacity 1627K, committed 1664K, reserved 1048576K
}

