# JRE version: Java(TM) SE Runtime Environment (8.0_144-b01) (build 1.8.0_144-b01)
# Java VM: Java HotSpot(TM) 64-Bit Server VM (25.144-b01 mixed mode windows-amd64 compressed oops)
Heap:
 PSYoungGen      total 546816K, used 79287K [0x000000076b700000, 0x000000078ee00000, 0x00000007c0000000)
  eden space 516608K, 11% used [0x000000076b700000,0x000000076f29be20,0x000000078af80000)
  from space 30208K, 60% used [0x000000078af80000,0x000000078c151e40,0x000000078cd00000)
  to   space 26624K, 0% used [0x000000078cd00000,0x000000078cd00000,0x000000078e700000)
 ParOldGen       total 173568K, used 30725K [0x00000006c2400000, 0x00000006ccd80000, 0x000000076b700000)
  object space 173568K, 17% used [0x00000006c2400000,0x00000006c4201480,0x00000006ccd80000)
 Metaspace       used 13487K, capacity 13684K, committed 13952K, reserved 1060864K
  class space    used 1576K, capacity 1627K, committed 1664K, reserved 1048576K
GC Heap History (10 events):
Event: 4.298 GC heap before
{Heap before GC invocations=3 (full 0):
 PSYoungGen      total 140800K, used 140768K [0x000000076b700000, 0x0000000774b00000, 0x00000007c0000000)
  eden space 130048K, 100% used [0x000000076b700000,0x0000000773600000,0x0000000773600000)
  from space 10752K, 99% used [0x0000000774080000,0x0000000774af8040,0x0000000774b00000)
  to   space 10752K, 0% used [0x0000000773600000,0x0000000773600000,0x0000000774080000)
 ParOldGen       total 173568K, used 13441K [0x00000006c2400000, 0x00000006ccd80000, 0x000000076b700000)
  object space 173568K, 7% used [0x00000006c2400000,0x00000006c31204c0,0x00000006ccd80000)
 Metaspace       used 4889K, capacity 5342K, committed 5504K, reserved 1056768K
  class space    used 539K, capacity 594K, committed 640K, reserved 1048576K
Event: 4.324 GC heap after
Heap after GC invocations=3 (full 0):
 PSYoungGen      total 140800K, used 10720K [0x000000076b700000, 0x000000077ca00000, 0x00000007c0000000)
  eden space 130048K, 0% used [0x000000076b700000,0x000000076b700000,0x0000000773600000)
  from space 10752K, 99% used [0x0000000773600000,0x0000000774078030,0x0000000774080000)
  to   space 10752K, 0% used [0x000000077bf80000,0x000000077bf80000,0x000000077ca00000)
 ParOldGen       total 173568K, used 13841K [0x00000006c2400000, 0x00000006ccd80000, 0x000000076b700000)
  object space 173568K, 7% used [0x00000006c2400000,0x00000006c31844d0,0x00000006ccd80000)
 Metaspace       used 4889K, capacity 5342K, committed 5504K, reserved 1056768K
  class space    used 539K, capacity 594K, committed 640K, reserved 1048576K
}
Event: 5.316 GC heap before
{Heap before GC invocations=4 (full 0):
 PSYoungGen      total 140800K, used 140768K [0x000000076b700000, 0x000000077ca00000, 0x00000007c0000000)
  eden space 130048K, 100% used [0x000000076b700000,0x0000000773600000,0x0000000773600000)
  from space 10752K, 99% used [0x0000000773600000,0x0000000774078030,0x0000000774080000)
  to   space 10752K, 0% used [0x000000077bf80000,0x000000077bf80000,0x000000077ca00000)
 ParOldGen       total 173568K, used 13841K [0x00000006c2400000, 0x00000006ccd80000, 0x000000076b700000)
  object space 173568K, 7% used [0x00000006c2400000,0x00000006c31844d0,0x00000006ccd80000)
 Metaspace       used 4893K, capacity 5342K, committed 5504K, reserved 1056768K
  class space    used 540K, capacity 594K, committed 640K, reserved 1048576K
Event: 5.383 GC heap after
Heap after GC invocations=4 (full 0):
 PSYoungGen      total 270848K, used 10720K [0x000000076b700000, 0x000000077ca00000, 0x00000007c0000000)
  eden space 260096K, 0% used [0x000000076b700000,0x000000076b700000,0x000000077b500000)
  from space 10752K, 99% used [0x000000077bf80000,0x000000077c9f8030,0x000000077ca00000)
  to   space 10752K, 0% used [0x000000077b500000,0x000000077b500000,0x000000077bf80000)
 ParOldGen       total 173568K, used 14017K [0x00000006c2400000, 0x00000006ccd80000, 0x000000076b700000)
  object space 173568K, 8% used [0x00000006c2400000,0x00000006c31b04d0,0x00000006ccd80000)
 Metaspace       used 4893K, capacity 5342K, committed 5504K, reserved 1056768K
  class space    used 540K, capacity 594K, committed 640K, reserved 1048576K
}
Event: 15.920 GC heap before
{Heap before GC invocations=5 (full 0):
 PSYoungGen      total 270848K, used 270816K [0x000000076b700000, 0x000000077ca00000, 0x00000007c0000000)
  eden space 260096K, 100% used [0x000000076b700000,0x000000077b500000,0x000000077b500000)
  from space 10752K, 99% used [0x000000077bf80000,0x000000077c9f8030,0x000000077ca00000)
  to   space 10752K, 0% used [0x000000077b500000,0x000000077b500000,0x000000077bf80000)
 ParOldGen       total 173568K, used 14017K [0x00000006c2400000, 0x00000006ccd80000, 0x000000076b700000)
  object space 173568K, 8% used [0x00000006c2400000,0x00000006c31b04d0,0x00000006ccd80000)
 Metaspace       used 10975K, capacity 11220K, committed 11264K, reserved 1058816K
  class space    used 1199K, capacity 1275K, committed 1280K, reserved 1048576K
Event: 16.058 GC heap after
Heap after GC invocations=5 (full 0):
 PSYoungGen      total 270848K, used 10736K [0x000000076b700000, 0x000000078e700000, 0x00000007c0000000)
  eden space 260096K, 0% used [0x000000076b700000,0x000000076b700000,0x000000077b500000)
  from space 10752K, 99% used [0x000000077b500000,0x000000077bf7c050,0x000000077bf80000)
  to   space 26624K, 0% used [0x000000078cd00000,0x000000078cd00000,0x000000078e700000)
 ParOldGen       total 173568K, used 24588K [0x00000006c2400000, 0x00000006ccd80000, 0x000000076b700000)
  object space 173568K, 14% used [0x00000006c2400000,0x00000006c3c031a0,0x00000006ccd80000)
 Metaspace       used 10975K, capacity 11220K, committed 11264K, reserved 1058816K
  class space    used 1199K, capacity 1275K, committed 1280K, reserved 1048576K
}
Event: 28.212 GC heap before
{Heap before GC invocations=6 (full 0):
 PSYoungGen      total 270848K, used 270832K [0x000000076b700000, 0x000000078e700000, 0x00000007c0000000)
  eden space 260096K, 100% used [0x000000076b700000,0x000000077b500000,0x000000077b500000)
  from space 10752K, 99% used [0x000000077b500000,0x000000077bf7c050,0x000000077bf80000)
  to   space 26624K, 0% used [0x000000078cd00000,0x000000078cd00000,0x000000078e700000)
 ParOldGen       total 173568K, used 24588K [0x00000006c2400000, 0x00000006ccd80000, 0x000000076b700000)
  object space 173568K, 14% used [0x00000006c2400000,0x00000006c3c031a0,0x00000006ccd80000)
 Metaspace       used 13402K, capacity 13620K, committed 13696K, reserved 1060864K
  class space    used 1567K, capacity 1627K, committed 1664K, reserved 1048576K
Event: 28.267 GC heap after
Heap after GC invocations=6 (full 0):
 PSYoungGen      total 543232K, used 24918K [0x000000076b700000, 0x000000078ee00000, 0x00000007c0000000)
  eden space 516608K, 0% used [0x000000076b700000,0x000000076b700000,0x000000078af80000)
  from space 26624K, 93% used [0x000000078cd00000,0x000000078e555b78,0x000000078e700000)
  to   space 30208K, 0% used [0x000000078af80000,0x000000078af80000,0x000000078cd00000)
 ParOldGen       total 173568K, used 24596K [0x00000006c2400000, 0x00000006ccd80000, 0x000000076b700000)
  object space 173568K, 14% used [0x00000006c2400000,0x00000006c3c051a0,0x00000006ccd80000)
 Metaspace       used 13402K, capacity 13620K, committed 13696K, reserved 1060864K
  class space    used 1567K, capacity 1627K, committed 1664K, reserved 1048576K
}
Event: 45.161 GC heap before
{Heap before GC invocations=7 (full 0):
 PSYoungGen      total 543232K, used 541526K [0x000000076b700000, 0x000000078ee00000, 0x00000007c0000000)
  eden space 516608K, 100% used [0x000000076b700000,0x000000078af80000,0x000000078af80000)
  from space 26624K, 93% used [0x000000078cd00000,0x000000078e555b78,0x000000078e700000)
  to   space 30208K, 0% used [0x000000078af80000,0x000000078af80000,0x000000078cd00000)
 ParOldGen       total 173568K, used 24596K [0x00000006c2400000, 0x00000006ccd80000, 0x000000076b700000)
  object space 173568K, 14% used [0x00000006c2400000,0x00000006c3c051a0,0x00000006ccd80000)
 Metaspace       used 13482K, capacity 13684K, committed 13952K, reserved 1060864K
  class space    used 1574K, capacity 1627K, committed 1664K, reserved 1048576K
Event: 45.390 GC heap after
Heap after GC invocations=7 (full 0):
 PSYoungGen      total 546816K, used 18247K [0x000000076b700000, 0x000000078ee00000, 0x00000007c0000000)
  eden space 516608K, 0% used [0x000000076b700000,0x000000076b700000,0x000000078af80000)
  from space 30208K, 60% used [0x000000078af80000,0x000000078c151e40,0x000000078cd00000)
  to   space 26624K, 0% used [0x000000078cd00000,0x000000078cd00000,0x000000078e700000)
 ParOldGen       total 173568K, used 30725K [0x00000006c2400000, 0x00000006ccd80000, 0x000000076b700000)
  object space 173568K, 17% used [0x00000006c2400000,0x00000006c4201480,0x00000006ccd80000)
 Metaspace       used 13482K, capacity 13684K, committed 13952K, reserved 1060864K
  class space    used 1574K, capacity 1627K, committed 1664K, reserved 1048576K
}

