# JRE version: Java(TM) SE Runtime Environment (8.0_144-b01) (build 1.8.0_144-b01)
# Java VM: Java HotSpot(TM) 64-Bit Server VM (25.144-b01 mixed mode windows-amd64 compressed oops)
Heap:
 PSYoungGen      total 270848K, used 134772K [0x000000076b700000, 0x000000077ca00000, 0x00000007c0000000)
  eden space 260096K, 47% used [0x000000076b700000,0x00000007730210a0,0x000000077b500000)
  from space 10752K, 99% used [0x000000077bf80000,0x000000077c9fc040,0x000000077ca00000)
  to   space 10752K, 0% used [0x000000077b500000,0x000000077b500000,0x000000077bf80000)
 ParOldGen       total 173568K, used 13410K [0x00000006c2400000, 0x00000006ccd80000, 0x000000076b700000)
  object space 173568K, 7% used [0x00000006c2400000,0x00000006c3118878,0x00000006ccd80000)
 Metaspace       used 4950K, capacity 5406K, committed 5504K, reserved 1056768K
  class space    used 542K, capacity 594K, committed 640K, reserved 1048576K
GC Heap History (8 events):
Event: 5.716 GC heap before
{Heap before GC invocations=1 (full 0):
 PSYoungGen      total 75776K, used 65024K [0x000000076b700000, 0x0000000770b80000, 0x00000007c0000000)
  eden space 65024K, 100% used [0x000000076b700000,0x000000076f680000,0x000000076f680000)
  from space 10752K, 0% used [0x0000000770100000,0x0000000770100000,0x0000000770b80000)
  to   space 10752K, 0% used [0x000000076f680000,0x000000076f680000,0x0000000770100000)
 ParOldGen       total 173568K, used 0K [0x00000006c2400000, 0x00000006ccd80000, 0x000000076b700000)
  object space 173568K, 0% used [0x00000006c2400000,0x00000006c2400000,0x00000006ccd80000)
 Metaspace       used 4834K, capacity 5342K, committed 5504K, reserved 1056768K
  class space    used 539K, capacity 594K, committed 640K, reserved 1048576K
Event: 6.049 GC heap after
Heap after GC invocations=1 (full 0):
 PSYoungGen      total 75776K, used 10722K [0x000000076b700000, 0x0000000774b00000, 0x00000007c0000000)
  eden space 65024K, 0% used [0x000000076b700000,0x000000076b700000,0x000000076f680000)
  from space 10752K, 99% used [0x000000076f680000,0x00000007700f8bb8,0x0000000770100000)
  to   space 10752K, 0% used [0x0000000774080000,0x0000000774080000,0x0000000774b00000)
 ParOldGen       total 173568K, used 6889K [0x00000006c2400000, 0x00000006ccd80000, 0x000000076b700000)
  object space 173568K, 3% used [0x00000006c2400000,0x00000006c2aba730,0x00000006ccd80000)
 Metaspace       used 4834K, capacity 5342K, committed 5504K, reserved 1056768K
  class space    used 539K, capacity 594K, committed 640K, reserved 1048576K
}
Event: 6.488 GC heap before
{Heap before GC invocations=2 (full 0):
 PSYoungGen      total 75776K, used 75746K [0x000000076b700000, 0x0000000774b00000, 0x00000007c0000000)
  eden space 65024K, 100% used [0x000000076b700000,0x000000076f680000,0x000000076f680000)
  from space 10752K, 99% used [0x000000076f680000,0x00000007700f8bb8,0x0000000770100000)
  to   space 10752K, 0% used [0x0000000774080000,0x0000000774080000,0x0000000774b00000)
 ParOldGen       total 173568K, used 6889K [0x00000006c2400000, 0x00000006ccd80000, 0x000000076b700000)
  object space 173568K, 3% used [0x00000006c2400000,0x00000006c2aba730,0x00000006ccd80000)
 Metaspace       used 4881K, capacity 5342K, committed 5504K, reserved 1056768K
  class space    used 539K, capacity 594K, committed 640K, reserved 1048576K
Event: 6.681 GC heap after
Heap after GC invocations=2 (full 0):
 PSYoungGen      total 140800K, used 10736K [0x000000076b700000, 0x0000000774b00000, 0x00000007c0000000)
  eden space 130048K, 0% used [0x000000076b700000,0x000000076b700000,0x0000000773600000)
  from space 10752K, 99% used [0x0000000774080000,0x0000000774afc040,0x0000000774b00000)
  to   space 10752K, 0% used [0x0000000773600000,0x0000000773600000,0x0000000774080000)
 ParOldGen       total 173568K, used 13150K [0x00000006c2400000, 0x00000006ccd80000, 0x000000076b700000)
  object space 173568K, 7% used [0x00000006c2400000,0x00000006c30d7868,0x00000006ccd80000)
 Metaspace       used 4881K, capacity 5342K, committed 5504K, reserved 1056768K
  class space    used 539K, capacity 594K, committed 640K, reserved 1048576K
}
Event: 7.198 GC heap before
{Heap before GC invocations=3 (full 0):
 PSYoungGen      total 140800K, used 140784K [0x000000076b700000, 0x0000000774b00000, 0x00000007c0000000)
  eden space 130048K, 100% used [0x000000076b700000,0x0000000773600000,0x0000000773600000)
  from space 10752K, 99% used [0x0000000774080000,0x0000000774afc040,0x0000000774b00000)
  to   space 10752K, 0% used [0x0000000773600000,0x0000000773600000,0x0000000774080000)
 ParOldGen       total 173568K, used 13150K [0x00000006c2400000, 0x00000006ccd80000, 0x000000076b700000)
  object space 173568K, 7% used [0x00000006c2400000,0x00000006c30d7868,0x00000006ccd80000)
 Metaspace       used 4891K, capacity 5342K, committed 5504K, reserved 1056768K
  class space    used 539K, capacity 594K, committed 640K, reserved 1048576K
Event: 7.421 GC heap after
Heap after GC invocations=3 (full 0):
 PSYoungGen      total 140800K, used 10720K [0x000000076b700000, 0x000000077ca00000, 0x00000007c0000000)
  eden space 130048K, 0% used [0x000000076b700000,0x000000076b700000,0x0000000773600000)
  from space 10752K, 99% used [0x0000000773600000,0x0000000774078050,0x0000000774080000)
  to   space 10752K, 0% used [0x000000077bf80000,0x000000077bf80000,0x000000077ca00000)
 ParOldGen       total 173568K, used 13286K [0x00000006c2400000, 0x00000006ccd80000, 0x000000076b700000)
  object space 173568K, 7% used [0x00000006c2400000,0x00000006c30f9868,0x00000006ccd80000)
 Metaspace       used 4891K, capacity 5342K, committed 5504K, reserved 1056768K
  class space    used 539K, capacity 594K, committed 640K, reserved 1048576K
}
Event: 7.941 GC heap before
{Heap before GC invocations=4 (full 0):
 PSYoungGen      total 140800K, used 140768K [0x000000076b700000, 0x000000077ca00000, 0x00000007c0000000)
  eden space 130048K, 100% used [0x000000076b700000,0x0000000773600000,0x0000000773600000)
  from space 10752K, 99% used [0x0000000773600000,0x0000000774078050,0x0000000774080000)
  to   space 10752K, 0% used [0x000000077bf80000,0x000000077bf80000,0x000000077ca00000)
 ParOldGen       total 173568K, used 13286K [0x00000006c2400000, 0x00000006ccd80000, 0x000000076b700000)
  object space 173568K, 7% used [0x00000006c2400000,0x00000006c30f9868,0x00000006ccd80000)
 Metaspace       used 4895K, capacity 5342K, committed 5504K, reserved 1056768K
  class space    used 539K, capacity 594K, committed 640K, reserved 1048576K
Event: 8.137 GC heap after
Heap after GC invocations=4 (full 0):
 PSYoungGen      total 270848K, used 10736K [0x000000076b700000, 0x000000077ca00000, 0x00000007c0000000)
  eden space 260096K, 0% used [0x000000076b700000,0x000000076b700000,0x000000077b500000)
  from space 10752K, 99% used [0x000000077bf80000,0x000000077c9fc040,0x000000077ca00000)
  to   space 10752K, 0% used [0x000000077b500000,0x000000077b500000,0x000000077bf80000)
 ParOldGen       total 173568K, used 13410K [0x00000006c2400000, 0x00000006ccd80000, 0x000000076b700000)
  object space 173568K, 7% used [0x00000006c2400000,0x00000006c3118878,0x00000006ccd80000)
 Metaspace       used 4895K, capacity 5342K, committed 5504K, reserved 1056768K
  class space    used 539K, capacity 594K, committed 640K, reserved 1048576K
}

