# JRE version: Java(TM) SE Runtime Environment (8.0_144-b01) (build 1.8.0_144-b01)
# Java VM: Java HotSpot(TM) 64-Bit Server VM (25.144-b01 mixed mode windows-amd64 compressed oops)
Heap:
 PSYoungGen      total 549376K, used 277774K [0x000000076b700000, 0x000000078ee00000, 0x00000007c0000000)
  eden space 520192K, 50% used [0x000000076b700000,0x000000077b8de000,0x000000078b300000)
  from space 29184K, 47% used [0x000000078d180000,0x000000078dee5988,0x000000078ee00000)
  to   space 30208K, 0% used [0x000000078b300000,0x000000078b300000,0x000000078d080000)
 ParOldGen       total 173568K, used 34678K [0x00000006c2400000, 0x00000006ccd80000, 0x000000076b700000)
  object space 173568K, 19% used [0x00000006c2400000,0x00000006c45ddbe8,0x00000006ccd80000)
 Metaspace       used 13367K, capacity 13504K, committed 13696K, reserved 1060864K
  class space    used 1574K, capacity 1627K, committed 1664K, reserved 1048576K
GC Heap History (10 events):
Event: 2.693 GC heap before
{Heap before GC invocations=2 (full 0):
 PSYoungGen      total 75776K, used 75745K [0x000000076b700000, 0x0000000774b00000, 0x00000007c0000000)
  eden space 65024K, 100% used [0x000000076b700000,0x000000076f680000,0x000000076f680000)
  from space 10752K, 99% used [0x000000076f680000,0x00000007700f86c0,0x0000000770100000)
  to   space 10752K, 0% used [0x0000000774080000,0x0000000774080000,0x0000000774b00000)
 ParOldGen       total 173568K, used 7010K [0x00000006c2400000, 0x00000006ccd80000, 0x000000076b700000)
  object space 173568K, 4% used [0x00000006c2400000,0x00000006c2ad8bc0,0x00000006ccd80000)
 Metaspace       used 4889K, capacity 5342K, committed 5504K, reserved 1056768K
  class space    used 539K, capacity 594K, committed 640K, reserved 1048576K
Event: 2.729 GC heap after
Heap after GC invocations=2 (full 0):
 PSYoungGen      total 140800K, used 10743K [0x000000076b700000, 0x0000000774b00000, 0x00000007c0000000)
  eden space 130048K, 0% used [0x000000076b700000,0x000000076b700000,0x0000000773600000)
  from space 10752K, 99% used [0x0000000774080000,0x0000000774afde08,0x0000000774b00000)
  to   space 10752K, 0% used [0x0000000773600000,0x0000000773600000,0x0000000774080000)
 ParOldGen       total 173568K, used 12818K [0x00000006c2400000, 0x00000006ccd80000, 0x000000076b700000)
  object space 173568K, 7% used [0x00000006c2400000,0x00000006c30848f8,0x00000006ccd80000)
 Metaspace       used 4889K, capacity 5342K, committed 5504K, reserved 1056768K
  class space    used 539K, capacity 594K, committed 640K, reserved 1048576K
}
Event: 3.827 GC heap before
{Heap before GC invocations=3 (full 0):
 PSYoungGen      total 140800K, used 140791K [0x000000076b700000, 0x0000000774b00000, 0x00000007c0000000)
  eden space 130048K, 100% used [0x000000076b700000,0x0000000773600000,0x0000000773600000)
  from space 10752K, 99% used [0x0000000774080000,0x0000000774afde08,0x0000000774b00000)
  to   space 10752K, 0% used [0x0000000773600000,0x0000000773600000,0x0000000774080000)
 ParOldGen       total 173568K, used 12818K [0x00000006c2400000, 0x00000006ccd80000, 0x000000076b700000)
  object space 173568K, 7% used [0x00000006c2400000,0x00000006c30848f8,0x00000006ccd80000)
 Metaspace       used 4890K, capacity 5342K, committed 5504K, reserved 1056768K
  class space    used 539K, capacity 594K, committed 640K, reserved 1048576K
Event: 3.851 GC heap after
Heap after GC invocations=3 (full 0):
 PSYoungGen      total 140800K, used 10743K [0x000000076b700000, 0x000000077ca00000, 0x00000007c0000000)
  eden space 130048K, 0% used [0x000000076b700000,0x000000076b700000,0x0000000773600000)
  from space 10752K, 99% used [0x0000000773600000,0x000000077407de08,0x0000000774080000)
  to   space 10752K, 0% used [0x000000077bf80000,0x000000077bf80000,0x000000077ca00000)
 ParOldGen       total 173568K, used 12970K [0x00000006c2400000, 0x00000006ccd80000, 0x000000076b700000)
  object space 173568K, 7% used [0x00000006c2400000,0x00000006c30aa8f8,0x00000006ccd80000)
 Metaspace       used 4890K, capacity 5342K, committed 5504K, reserved 1056768K
  class space    used 539K, capacity 594K, committed 640K, reserved 1048576K
}
Event: 4.486 GC heap before
{Heap before GC invocations=4 (full 0):
 PSYoungGen      total 140800K, used 140791K [0x000000076b700000, 0x000000077ca00000, 0x00000007c0000000)
  eden space 130048K, 100% used [0x000000076b700000,0x0000000773600000,0x0000000773600000)
  from space 10752K, 99% used [0x0000000773600000,0x000000077407de08,0x0000000774080000)
  to   space 10752K, 0% used [0x000000077bf80000,0x000000077bf80000,0x000000077ca00000)
 ParOldGen       total 173568K, used 12970K [0x00000006c2400000, 0x00000006ccd80000, 0x000000076b700000)
  object space 173568K, 7% used [0x00000006c2400000,0x00000006c30aa8f8,0x00000006ccd80000)
 Metaspace       used 4893K, capacity 5342K, committed 5504K, reserved 1056768K
  class space    used 539K, capacity 594K, committed 640K, reserved 1048576K
Event: 4.601 GC heap after
Heap after GC invocations=4 (full 0):
 PSYoungGen      total 270848K, used 10743K [0x000000076b700000, 0x000000077ca00000, 0x00000007c0000000)
  eden space 260096K, 0% used [0x000000076b700000,0x000000076b700000,0x000000077b500000)
  from space 10752K, 99% used [0x000000077bf80000,0x000000077c9fde08,0x000000077ca00000)
  to   space 10752K, 0% used [0x000000077b500000,0x000000077b500000,0x000000077bf80000)
 ParOldGen       total 173568K, used 13086K [0x00000006c2400000, 0x00000006ccd80000, 0x000000076b700000)
  object space 173568K, 7% used [0x00000006c2400000,0x00000006c30c7908,0x00000006ccd80000)
 Metaspace       used 4893K, capacity 5342K, committed 5504K, reserved 1056768K
  class space    used 539K, capacity 594K, committed 640K, reserved 1048576K
}
Event: 31.659 GC heap before
{Heap before GC invocations=5 (full 0):
 PSYoungGen      total 270848K, used 270839K [0x000000076b700000, 0x000000077ca00000, 0x00000007c0000000)
  eden space 260096K, 100% used [0x000000076b700000,0x000000077b500000,0x000000077b500000)
  from space 10752K, 99% used [0x000000077bf80000,0x000000077c9fde08,0x000000077ca00000)
  to   space 10752K, 0% used [0x000000077b500000,0x000000077b500000,0x000000077bf80000)
 ParOldGen       total 173568K, used 13086K [0x00000006c2400000, 0x00000006ccd80000, 0x000000076b700000)
  object space 173568K, 7% used [0x00000006c2400000,0x00000006c30c7908,0x00000006ccd80000)
 Metaspace       used 11776K, capacity 12000K, committed 12160K, reserved 1060864K
  class space    used 1329K, capacity 1403K, committed 1408K, reserved 1048576K
Event: 33.648 GC heap after
Heap after GC invocations=5 (full 0):
 PSYoungGen      total 270848K, used 10720K [0x000000076b700000, 0x000000078f000000, 0x00000007c0000000)
  eden space 260096K, 0% used [0x000000076b700000,0x000000076b700000,0x000000077b500000)
  from space 10752K, 99% used [0x000000077b500000,0x000000077bf78020,0x000000077bf80000)
  to   space 31232K, 0% used [0x000000078d180000,0x000000078d180000,0x000000078f000000)
 ParOldGen       total 173568K, used 34678K [0x00000006c2400000, 0x00000006ccd80000, 0x000000076b700000)
  object space 173568K, 19% used [0x00000006c2400000,0x00000006c45ddbe8,0x00000006ccd80000)
 Metaspace       used 11776K, capacity 12000K, committed 12160K, reserved 1060864K
  class space    used 1329K, capacity 1403K, committed 1408K, reserved 1048576K
}
Event: 45.053 GC heap before
{Heap before GC invocations=6 (full 0):
 PSYoungGen      total 270848K, used 270816K [0x000000076b700000, 0x000000078f000000, 0x00000007c0000000)
  eden space 260096K, 100% used [0x000000076b700000,0x000000077b500000,0x000000077b500000)
  from space 10752K, 99% used [0x000000077b500000,0x000000077bf78020,0x000000077bf80000)
  to   space 31232K, 0% used [0x000000078d180000,0x000000078d180000,0x000000078f000000)
 ParOldGen       total 173568K, used 34678K [0x00000006c2400000, 0x00000006ccd80000, 0x000000076b700000)
  object space 173568K, 19% used [0x00000006c2400000,0x00000006c45ddbe8,0x00000006ccd80000)
 Metaspace       used 13323K, capacity 13504K, committed 13696K, reserved 1060864K
  class space    used 1568K, capacity 1627K, committed 1664K, reserved 1048576K
Event: 45.165 GC heap after
Heap after GC invocations=6 (full 0):
 PSYoungGen      total 549376K, used 13718K [0x000000076b700000, 0x000000078ee00000, 0x00000007c0000000)
  eden space 520192K, 0% used [0x000000076b700000,0x000000076b700000,0x000000078b300000)
  from space 29184K, 47% used [0x000000078d180000,0x000000078dee5988,0x000000078ee00000)
  to   space 30208K, 0% used [0x000000078b300000,0x000000078b300000,0x000000078d080000)
 ParOldGen       total 173568K, used 34678K [0x00000006c2400000, 0x00000006ccd80000, 0x000000076b700000)
  object space 173568K, 19% used [0x00000006c2400000,0x00000006c45ddbe8,0x00000006ccd80000)
 Metaspace       used 13323K, capacity 13504K, committed 13696K, reserved 1060864K
  class space    used 1568K, capacity 1627K, committed 1664K, reserved 1048576K
}

