# JRE version: Java(TM) SE Runtime Environment (8.0_144-b01) (build 1.8.0_144-b01)
# Java VM: Java HotSpot(TM) 64-Bit Server VM (25.144-b01 mixed mode windows-amd64 compressed oops)
Heap:
 PSYoungGen      total 270848K, used 209296K [0x000000076b700000, 0x000000077ca00000, 0x00000007c0000000)
  eden space 260096K, 76% used [0x000000076b700000,0x00000007778ec210,0x000000077b500000)
  from space 10752K, 99% used [0x000000077bf80000,0x000000077c9f8030,0x000000077ca00000)
  to   space 10752K, 0% used [0x000000077b500000,0x000000077b500000,0x000000077bf80000)
 ParOldGen       total 173568K, used 12401K [0x00000006c2400000, 0x00000006ccd80000, 0x000000076b700000)
  object space 173568K, 7% used [0x00000006c2400000,0x00000006c301c7a0,0x00000006ccd80000)
 Metaspace       used 10978K, capacity 11168K, committed 11264K, reserved 1058816K
  class space    used 1200K, capacity 1275K, committed 1280K, reserved 1048576K
GC Heap History (8 events):
Event: 4.728 GC heap before
{Heap before GC invocations=1 (full 0):
 PSYoungGen      total 75776K, used 65024K [0x000000076b700000, 0x0000000770b80000, 0x00000007c0000000)
  eden space 65024K, 100% used [0x000000076b700000,0x000000076f680000,0x000000076f680000)
  from space 10752K, 0% used [0x0000000770100000,0x0000000770100000,0x0000000770b80000)
  to   space 10752K, 0% used [0x000000076f680000,0x000000076f680000,0x0000000770100000)
 ParOldGen       total 173568K, used 0K [0x00000006c2400000, 0x00000006ccd80000, 0x000000076b700000)
  object space 173568K, 0% used [0x00000006c2400000,0x00000006c2400000,0x00000006ccd80000)
 Metaspace       used 4808K, capacity 5342K, committed 5504K, reserved 1056768K
  class space    used 539K, capacity 594K, committed 640K, reserved 1048576K
Event: 5.184 GC heap after
Heap after GC invocations=1 (full 0):
 PSYoungGen      total 75776K, used 10737K [0x000000076b700000, 0x0000000774b00000, 0x00000007c0000000)
  eden space 65024K, 0% used [0x000000076b700000,0x000000076b700000,0x000000076f680000)
  from space 10752K, 99% used [0x000000076f680000,0x00000007700fc6d0,0x0000000770100000)
  to   space 10752K, 0% used [0x0000000774080000,0x0000000774080000,0x0000000774b00000)
 ParOldGen       total 173568K, used 5822K [0x00000006c2400000, 0x00000006ccd80000, 0x000000076b700000)
  object space 173568K, 3% used [0x00000006c2400000,0x00000006c29afbe0,0x00000006ccd80000)
 Metaspace       used 4808K, capacity 5342K, committed 5504K, reserved 1056768K
  class space    used 539K, capacity 594K, committed 640K, reserved 1048576K
}
Event: 5.799 GC heap before
{Heap before GC invocations=2 (full 0):
 PSYoungGen      total 75776K, used 75761K [0x000000076b700000, 0x0000000774b00000, 0x00000007c0000000)
  eden space 65024K, 100% used [0x000000076b700000,0x000000076f680000,0x000000076f680000)
  from space 10752K, 99% used [0x000000076f680000,0x00000007700fc6d0,0x0000000770100000)
  to   space 10752K, 0% used [0x0000000774080000,0x0000000774080000,0x0000000774b00000)
 ParOldGen       total 173568K, used 5822K [0x00000006c2400000, 0x00000006ccd80000, 0x000000076b700000)
  object space 173568K, 3% used [0x00000006c2400000,0x00000006c29afbe0,0x00000006ccd80000)
 Metaspace       used 4862K, capacity 5342K, committed 5504K, reserved 1056768K
  class space    used 539K, capacity 594K, committed 640K, reserved 1048576K
Event: 5.856 GC heap after
Heap after GC invocations=2 (full 0):
 PSYoungGen      total 140800K, used 10720K [0x000000076b700000, 0x0000000774b00000, 0x00000007c0000000)
  eden space 130048K, 0% used [0x000000076b700000,0x000000076b700000,0x0000000773600000)
  from space 10752K, 99% used [0x0000000774080000,0x0000000774af8030,0x0000000774b00000)
  to   space 10752K, 0% used [0x0000000773600000,0x0000000773600000,0x0000000774080000)
 ParOldGen       total 173568K, used 12097K [0x00000006c2400000, 0x00000006ccd80000, 0x000000076b700000)
  object space 173568K, 6% used [0x00000006c2400000,0x00000006c2fd07a0,0x00000006ccd80000)
 Metaspace       used 4862K, capacity 5342K, committed 5504K, reserved 1056768K
  class space    used 539K, capacity 594K, committed 640K, reserved 1048576K
}
Event: 6.591 GC heap before
{Heap before GC invocations=3 (full 0):
 PSYoungGen      total 140800K, used 140768K [0x000000076b700000, 0x0000000774b00000, 0x00000007c0000000)
  eden space 130048K, 100% used [0x000000076b700000,0x0000000773600000,0x0000000773600000)
  from space 10752K, 99% used [0x0000000774080000,0x0000000774af8030,0x0000000774b00000)
  to   space 10752K, 0% used [0x0000000773600000,0x0000000773600000,0x0000000774080000)
 ParOldGen       total 173568K, used 12097K [0x00000006c2400000, 0x00000006ccd80000, 0x000000076b700000)
  object space 173568K, 6% used [0x00000006c2400000,0x00000006c2fd07a0,0x00000006ccd80000)
 Metaspace       used 4877K, capacity 5342K, committed 5504K, reserved 1056768K
  class space    used 539K, capacity 594K, committed 640K, reserved 1048576K
Event: 6.647 GC heap after
Heap after GC invocations=3 (full 0):
 PSYoungGen      total 140800K, used 10720K [0x000000076b700000, 0x000000077ca00000, 0x00000007c0000000)
  eden space 130048K, 0% used [0x000000076b700000,0x000000076b700000,0x0000000773600000)
  from space 10752K, 99% used [0x0000000773600000,0x0000000774078030,0x0000000774080000)
  to   space 10752K, 0% used [0x000000077bf80000,0x000000077bf80000,0x000000077ca00000)
 ParOldGen       total 173568K, used 12281K [0x00000006c2400000, 0x00000006ccd80000, 0x000000076b700000)
  object space 173568K, 7% used [0x00000006c2400000,0x00000006c2ffe7a0,0x00000006ccd80000)
 Metaspace       used 4877K, capacity 5342K, committed 5504K, reserved 1056768K
  class space    used 539K, capacity 594K, committed 640K, reserved 1048576K
}
Event: 7.193 GC heap before
{Heap before GC invocations=4 (full 0):
 PSYoungGen      total 140800K, used 140768K [0x000000076b700000, 0x000000077ca00000, 0x00000007c0000000)
  eden space 130048K, 100% used [0x000000076b700000,0x0000000773600000,0x0000000773600000)
  from space 10752K, 99% used [0x0000000773600000,0x0000000774078030,0x0000000774080000)
  to   space 10752K, 0% used [0x000000077bf80000,0x000000077bf80000,0x000000077ca00000)
 ParOldGen       total 173568K, used 12281K [0x00000006c2400000, 0x00000006ccd80000, 0x000000076b700000)
  object space 173568K, 7% used [0x00000006c2400000,0x00000006c2ffe7a0,0x00000006ccd80000)
 Metaspace       used 4878K, capacity 5342K, committed 5504K, reserved 1056768K
  class space    used 539K, capacity 594K, committed 640K, reserved 1048576K
Event: 7.520 GC heap after
Heap after GC invocations=4 (full 0):
 PSYoungGen      total 270848K, used 10720K [0x000000076b700000, 0x000000077ca00000, 0x00000007c0000000)
  eden space 260096K, 0% used [0x000000076b700000,0x000000076b700000,0x000000077b500000)
  from space 10752K, 99% used [0x000000077bf80000,0x000000077c9f8030,0x000000077ca00000)
  to   space 10752K, 0% used [0x000000077b500000,0x000000077b500000,0x000000077bf80000)
 ParOldGen       total 173568K, used 12401K [0x00000006c2400000, 0x00000006ccd80000, 0x000000076b700000)
  object space 173568K, 7% used [0x00000006c2400000,0x00000006c301c7a0,0x00000006ccd80000)
 Metaspace       used 4878K, capacity 5342K, committed 5504K, reserved 1056768K
  class space    used 539K, capacity 594K, committed 640K, reserved 1048576K
}

